# JRE version: OpenJDK Runtime Environment Temurin-17.0.13+11 (17.0.13+11) (build 17.0.13+11)
# Java VM: OpenJDK 64-Bit Server VM Temurin-17.0.13+11 (17.0.13+11, mixed mode, sharing, tiered, compressed oops, compressed class ptrs, g1 gc, windows-amd64)
GC Precious Log:
 CPUs: 8 total, 8 available
 Memory: 16146M
 Large Page Support: Disabled
 NUMA Support: Disabled
 Compressed Oops: Enabled (Zero based)
 Heap Region Size: 2M
 Heap Min Capacity: 8M
 Heap Initial Capacity: 254M
 Heap Max Capacity: 4038M
 Pre-touch: Disabled
 Parallel Workers: 8
 Concurrent Workers: 2
 Concurrent Refinement Workers: 8
 Periodic GC: Disabled
Heap:
 garbage-first heap   total 92160K, used 43585K [0x0000000703a00000, 0x0000000800000000)
  region size 2048K, 6 young (12288K), 2 survivors (4096K)
 Metaspace       used 82073K, committed 82816K, reserved 1179648K
  class space    used 11028K, committed 11392K, reserved 1048576K
GC Heap History (20 events):
Event: 7.205 GC heap after
{Heap after GC invocations=15 (full 0):
 garbage-first heap   total 92160K, used 29906K [0x0000000703a00000, 0x0000000800000000)
  region size 2048K, 2 young (4096K), 2 survivors (4096K)
 Metaspace       used 64608K, committed 65152K, reserved 1114112K
  class space    used 8825K, committed 9088K, reserved 1048576K
}
Event: 8.009 GC heap before
{Heap before GC invocations=16 (full 0):
 garbage-first heap   total 92160K, used 68818K [0x0000000703a00000, 0x0000000800000000)
  region size 2048K, 21 young (43008K), 2 survivors (4096K)
 Metaspace       used 69712K, committed 70272K, reserved 1114112K
  class space    used 9574K, committed 9856K, reserved 1048576K
}
Event: 8.014 GC heap after
{Heap after GC invocations=17 (full 0):
 garbage-first heap   total 92160K, used 33097K [0x0000000703a00000, 0x0000000800000000)
  region size 2048K, 3 young (6144K), 3 survivors (6144K)
 Metaspace       used 69712K, committed 70272K, reserved 1114112K
  class space    used 9574K, committed 9856K, reserved 1048576K
}
Event: 68.018 GC heap before
{Heap before GC invocations=17 (full 0):
 garbage-first heap   total 92160K, used 67913K [0x0000000703a00000, 0x0000000800000000)
  region size 2048K, 20 young (40960K), 3 survivors (6144K)
 Metaspace       used 75968K, committed 76544K, reserved 1179648K
  class space    used 10377K, committed 10624K, reserved 1048576K
}
Event: 68.023 GC heap after
{Heap after GC invocations=18 (full 0):
 garbage-first heap   total 92160K, used 35985K [0x0000000703a00000, 0x0000000800000000)
  region size 2048K, 3 young (6144K), 3 survivors (6144K)
 Metaspace       used 75968K, committed 76544K, reserved 1179648K
  class space    used 10377K, committed 10624K, reserved 1048576K
}
Event: 332.812 GC heap before
{Heap before GC invocations=18 (full 0):
 garbage-first heap   total 92160K, used 62609K [0x0000000703a00000, 0x0000000800000000)
  region size 2048K, 18 young (36864K), 3 survivors (6144K)
 Metaspace       used 80118K, committed 80768K, reserved 1179648K
  class space    used 10949K, committed 11264K, reserved 1048576K
}
Event: 332.855 GC heap after
{Heap after GC invocations=19 (full 1):
 garbage-first heap   total 92160K, used 31343K [0x0000000703a00000, 0x0000000800000000)
  region size 2048K, 0 young (0K), 0 survivors (0K)
 Metaspace       used 80114K, committed 80768K, reserved 1179648K
  class space    used 10948K, committed 11264K, reserved 1048576K
}
Event: 333.337 GC heap before
{Heap before GC invocations=19 (full 1):
 garbage-first heap   total 92160K, used 66159K [0x0000000703a00000, 0x0000000800000000)
  region size 2048K, 18 young (36864K), 0 survivors (0K)
 Metaspace       used 80377K, committed 81024K, reserved 1179648K
  class space    used 10953K, committed 11264K, reserved 1048576K
}
Event: 333.340 GC heap after
{Heap after GC invocations=20 (full 1):
 garbage-first heap   total 92160K, used 34729K [0x0000000703a00000, 0x0000000800000000)
  region size 2048K, 2 young (4096K), 2 survivors (4096K)
 Metaspace       used 80377K, committed 81024K, reserved 1179648K
  class space    used 10953K, committed 11264K, reserved 1048576K
}
Event: 333.773 GC heap before
{Heap before GC invocations=20 (full 1):
 garbage-first heap   total 92160K, used 67497K [0x0000000703a00000, 0x0000000800000000)
  region size 2048K, 18 young (36864K), 2 survivors (4096K)
 Metaspace       used 81117K, committed 81792K, reserved 1179648K
  class space    used 10993K, committed 11328K, reserved 1048576K
}
Event: 333.776 GC heap after
{Heap after GC invocations=21 (full 1):
 garbage-first heap   total 92160K, used 36892K [0x0000000703a00000, 0x0000000800000000)
  region size 2048K, 3 young (6144K), 3 survivors (6144K)
 Metaspace       used 81117K, committed 81792K, reserved 1179648K
  class space    used 10993K, committed 11328K, reserved 1048576K
}
Event: 609.480 GC heap before
{Heap before GC invocations=21 (full 1):
 garbage-first heap   total 92160K, used 59420K [0x0000000703a00000, 0x0000000800000000)
  region size 2048K, 15 young (30720K), 3 survivors (6144K)
 Metaspace       used 81415K, committed 82112K, reserved 1179648K
  class space    used 11010K, committed 11328K, reserved 1048576K
}
Event: 609.524 GC heap after
{Heap after GC invocations=22 (full 2):
 garbage-first heap   total 92160K, used 31907K [0x0000000703a00000, 0x0000000800000000)
  region size 2048K, 0 young (0K), 0 survivors (0K)
 Metaspace       used 81411K, committed 82112K, reserved 1179648K
  class space    used 11010K, committed 11328K, reserved 1048576K
}
Event: 609.925 GC heap before
{Heap before GC invocations=22 (full 2):
 garbage-first heap   total 92160K, used 66723K [0x0000000703a00000, 0x0000000800000000)
  region size 2048K, 17 young (34816K), 0 survivors (0K)
 Metaspace       used 81585K, committed 82240K, reserved 1179648K
  class space    used 11014K, committed 11328K, reserved 1048576K
}
Event: 609.927 GC heap after
{Heap after GC invocations=23 (full 2):
 garbage-first heap   total 92160K, used 35079K [0x0000000703a00000, 0x0000000800000000)
  region size 2048K, 2 young (4096K), 2 survivors (4096K)
 Metaspace       used 81585K, committed 82240K, reserved 1179648K
  class space    used 11014K, committed 11328K, reserved 1048576K
}
Event: 610.310 GC heap before
{Heap before GC invocations=23 (full 2):
 garbage-first heap   total 92160K, used 65799K [0x0000000703a00000, 0x0000000800000000)
  region size 2048K, 18 young (36864K), 2 survivors (4096K)
 Metaspace       used 82020K, committed 82752K, reserved 1179648K
  class space    used 11028K, committed 11392K, reserved 1048576K
}
Event: 610.313 GC heap after
{Heap after GC invocations=24 (full 2):
 garbage-first heap   total 92160K, used 37352K [0x0000000703a00000, 0x0000000800000000)
  region size 2048K, 3 young (6144K), 3 survivors (6144K)
 Metaspace       used 82020K, committed 82752K, reserved 1179648K
  class space    used 11028K, committed 11392K, reserved 1048576K
}
Event: 1087.153 GC heap before
{Heap before GC invocations=24 (full 2):
 garbage-first heap   total 92160K, used 68072K [0x0000000703a00000, 0x0000000800000000)
  region size 2048K, 18 young (36864K), 3 survivors (6144K)
 Metaspace       used 82064K, committed 82752K, reserved 1179648K
  class space    used 11028K, committed 11392K, reserved 1048576K
}
Event: 1087.159 GC heap after
{Heap after GC invocations=25 (full 2):
 garbage-first heap   total 92160K, used 36819K [0x0000000703a00000, 0x0000000800000000)
  region size 2048K, 2 young (4096K), 2 survivors (4096K)
 Metaspace       used 82064K, committed 82752K, reserved 1179648K
  class space    used 11028K, committed 11392K, reserved 1048576K
}
Event: 1198.296 GC heap before
{Heap before GC invocations=25 (full 2):
 garbage-first heap   total 92160K, used 42963K [0x0000000703a00000, 0x0000000800000000)
  region size 2048K, 6 young (12288K), 2 survivors (4096K)
 Metaspace       used 82073K, committed 82816K, reserved 1179648K
  class space    used 11028K, committed 11392K, reserved 1048576K
}

